<?xml version="1.0" encoding="UTF-8"?>
<testng-results ignored="0" total="1" passed="1" failed="0" skipped="0">
  <reporter-output>
  </reporter-output>
  <suite started-at="2026-06-16T15:25:20 EEST" name="Default suite" finished-at="2026-06-16T15:25:35 EEST" duration-ms="14878">
    <groups>
    </groups>
    <test started-at="2026-06-16T15:25:20 EEST" name="Default test" finished-at="2026-06-16T15:25:35 EEST" duration-ms="14878">
      <class name="appiumTest.InspectMobileWebElements">
        <test-method signature="OpenWebApp()[pri:0, instance:appiumTest.InspectMobileWebElements@6a6cb05c]" started-at="2026-06-16T15:25:20 EEST" name="OpenWebApp" finished-at="2026-06-16T15:25:35 EEST" duration-ms="14850" status="PASS">
          <reporter-output>
          </reporter-output>
        </test-method> <!-- OpenWebApp -->
      </class> <!-- appiumTest.InspectMobileWebElements -->
    </test> <!-- Default test -->
  </suite> <!-- Default suite -->
</testng-results>
