<?xml version="1.0" encoding="UTF-8"?>
<!-- Generated by org.testng.reporters.JUnitXMLReporter -->
<testsuite ignored="0" hostname="AG-94" failures="1" tests="1" name="InspectMobileWebElementsTest" time="3.262" errors="0" timestamp="2026-06-16T15:00:28 EEST">
  <testcase classname="appiumTest.InspectMobileWebElements" name="OpenWebApp" time="3.236">
    <failure type="org.openqa.selenium.SessionNotCreatedException" message="Could not start a new session. Response code 500. Message: No Chromedriver found that can automate Chrome &amp;apos;145.0.7632&amp;apos;. You could also try to enable automated chromedrivers download as a possible workaround. 
Host info: host: &amp;apos;AG-94&amp;apos;, ip: &amp;apos;192.168.1.33&amp;apos;
Build info: version: &amp;apos;4.45.0&amp;apos;, revision: &amp;apos;cd6a3cd cd6a3cdfca6970f62e5bc8344109d0fe0e2af05e&amp;apos;
System info: os.name: &amp;apos;Windows 11&amp;apos;, os.arch: &amp;apos;amd64&amp;apos;, os.version: &amp;apos;10.0&amp;apos;, java.version: &amp;apos;21.0.11&amp;apos;
Driver info: io.appium.java_client.android.AndroidDriver
Command: [null, newSession {capabilities=[Capabilities {appium:automationName: UIAutomator2, appium:deviceName: My Virtual Emulator, browserName: chrome, platformName: ANDROID}]}]
Capabilities {appium:automationName: UIAutomator2, appium:deviceName: My Virtual Emulator, browserName: chrome, platformName: ANDROID}">
      <![CDATA[org.openqa.selenium.SessionNotCreatedException: Could not start a new session. Response code 500. Message: No Chromedriver found that can automate Chrome '145.0.7632'. You could also try to enable automated chromedrivers download as a possible workaround. 
Host info: host: 'AG-94', ip: '192.168.1.33'
Build info: version: '4.45.0', revision: 'cd6a3cd cd6a3cdfca6970f62e5bc8344109d0fe0e2af05e'
System info: os.name: 'Windows 11', os.arch: 'amd64', os.version: '10.0', java.version: '21.0.11'
Driver info: io.appium.java_client.android.AndroidDriver
Command: [null, newSession {capabilities=[Capabilities {appium:automationName: UIAutomator2, appium:deviceName: My Virtual Emulator, browserName: chrome, platformName: ANDROID}]}]
Capabilities {appium:automationName: UIAutomator2, appium:deviceName: My Virtual Emulator, browserName: chrome, platformName: ANDROID}
at org.openqa.selenium.remote.ProtocolHandshake.createSession(ProtocolHandshake.java:115)
at org.openqa.selenium.remote.ProtocolHandshake.createSession(ProtocolHandshake.java:76)
at org.openqa.selenium.remote.ProtocolHandshake.createSession(ProtocolHandshake.java:62)
at io.appium.java_client.remote.AppiumCommandExecutor.createSession(AppiumCommandExecutor.java:178)
at io.appium.java_client.remote.AppiumCommandExecutor.execute(AppiumCommandExecutor.java:243)
at org.openqa.selenium.remote.RemoteWebDriver.execute(RemoteWebDriver.java:575)
at io.appium.java_client.AppiumDriver.startSession(AppiumDriver.java:308)
at org.openqa.selenium.remote.RemoteWebDriver.<init>(RemoteWebDriver.java:204)
at org.openqa.selenium.remote.RemoteWebDriver.<init>(RemoteWebDriver.java:194)
at io.appium.java_client.AppiumDriver.<init>(AppiumDriver.java:98)
at io.appium.java_client.AppiumDriver.<init>(AppiumDriver.java:109)
at io.appium.java_client.android.AndroidDriver.<init>(AndroidDriver.java:108)
at appiumTest.InspectMobileWebElements.OpenWebApp(InspectMobileWebElements.java:32)
at java.base/java.util.ArrayList.forEach(ArrayList.java:1596)
... Removed 29 stack frames]]>
    </failure>
  </testcase> <!-- OpenWebApp -->
</testsuite> <!-- InspectMobileWebElementsTest -->
